<?xml version="1.0" encoding="UTF-8"?>
<testng-results ignored="0" total="1" passed="1" failed="0" skipped="0">
  <reporter-output>
  </reporter-output>
  <suite started-at="2024-09-20T22:34:20 IST" name="Default suite" finished-at="2024-09-20T22:34:20 IST" duration-ms="351">
    <groups>
    </groups>
    <test started-at="2024-09-20T22:34:20 IST" name="Default test" finished-at="2024-09-20T22:34:20 IST" duration-ms="351">
      <class name="entrata.testcases.FooterLinkCount">
        <test-method is-config="true" signature="setUp()[pri:0, instance:entrata.testcases.FooterLinkCount@6025e1b6]" started-at="2024-09-20T22:34:15 IST" name="setUp" finished-at="2024-09-20T22:34:20 IST" duration-ms="4677" status="PASS">
          <reporter-output>
          </reporter-output>
        </test-method> <!-- setUp -->
        <test-method is-config="true" signature="setUp()[pri:0, instance:entrata.testcases.FooterLinkCount@6025e1b6]" started-at="2024-09-20T22:34:20 IST" name="setUp" finished-at="2024-09-20T22:34:20 IST" duration-ms="0" status="PASS">
          <reporter-output>
          </reporter-output>
        </test-method> <!-- setUp -->
        <test-method signature="footerLinkCount()[pri:0, instance:entrata.testcases.FooterLinkCount@6025e1b6]" started-at="2024-09-20T22:34:20 IST" name="footerLinkCount" finished-at="2024-09-20T22:34:20 IST" duration-ms="327" status="PASS">
          <reporter-output>
          </reporter-output>
        </test-method> <!-- footerLinkCount -->
        <test-method is-config="true" signature="tearDown()[pri:0, instance:entrata.testcases.FooterLinkCount@6025e1b6]" started-at="2024-09-20T22:34:20 IST" name="tearDown" finished-at="2024-09-20T22:34:20 IST" duration-ms="0" status="PASS">
          <reporter-output>
          </reporter-output>
        </test-method> <!-- tearDown -->
        <test-method is-config="true" signature="tearDown()[pri:0, instance:entrata.testcases.FooterLinkCount@6025e1b6]" started-at="2024-09-20T22:34:20 IST" name="tearDown" finished-at="2024-09-20T22:34:20 IST" duration-ms="0" status="PASS">
          <reporter-output>
          </reporter-output>
        </test-method> <!-- tearDown -->
      </class> <!-- entrata.testcases.FooterLinkCount -->
    </test> <!-- Default test -->
  </suite> <!-- Default suite -->
</testng-results>
